<?xml version="1.0" encoding="UTF-8"?>
<!-- Generated by org.testng.reporters.JUnitReportReporter -->
<testsuite hostname="SLIDEQA2" failures="0" tests="1" name="testCases.A4Pages" time="23.074" errors="0" timestamp="2022-06-01T12:02:41 IST" skipped="0">
  <testcase classname="testCases.A4Pages" name="checkResolutionForA4Pages" time="23.074"/>
  <system-out/>
</testsuite> <!-- testCases.A4Pages -->
