<?xml version="1.0" encoding="UTF-8"?>
<!-- Generated by org.testng.reporters.JUnitReportReporter -->
<testsuite hostname="SLIDEQA2" failures="0" tests="1" name="testCases.rough" time="44.054" errors="0" timestamp="2022-05-12T13:58:21 IST" skipped="0">
  <testcase classname="testCases.rough" name="test" time="44.054"/>
  <system-out/>
</testsuite> <!-- testCases.rough -->
