<?xml version="1.0" encoding="UTF-8"?>
<!-- Generated by org.testng.reporters.JUnitReportReporter -->
<testsuite hostname="SLIDEQA2" failures="0" tests="7" name="testCases.SliPages" time="627.416" errors="0" timestamp="2022-06-01T13:59:21 IST" skipped="0">
  <testcase classname="testCases.SliPages" name="checkResolutionForSliPages" time="91.893"/>
  <system-out/>
  <testcase classname="testCases.SliPages" name="checkResolutionForSliPages" time="88.422"/>
  <system-out/>
  <testcase classname="testCases.SliPages" name="checkResolutionForSliPages" time="90.683"/>
  <system-out/>
  <testcase classname="testCases.SliPages" name="checkResolutionForSliPages" time="89.252"/>
  <system-out/>
  <testcase classname="testCases.SliPages" name="checkResolutionForSliPages" time="89.433"/>
  <system-out/>
  <testcase classname="testCases.SliPages" name="checkResolutionForSliPages" time="89.409"/>
  <system-out/>
  <testcase classname="testCases.SliPages" name="checkResolutionForSliPages" time="88.324"/>
  <system-out/>
</testsuite> <!-- testCases.SliPages -->
