<?xml version="1.0" encoding="UTF-8"?>
<!-- Generated by org.testng.reporters.JUnitReportReporter -->
<testsuite hostname="SLIDEQA2" failures="0" tests="1" name="testCases.A4Pages" time="25.023" errors="0" timestamp="2022-06-01T13:03:45 IST" skipped="0">
  <testcase classname="testCases.A4Pages" name="checkResolutionForA4Pages" time="25.023"/>
  <system-out/>
</testsuite> <!-- testCases.A4Pages -->
